d:\강의자료\2022년도[제주대]\1학기\[2]학부3-컴퓨터그래픽스[조교-허지식]\13주차[20220531]-체육대회 특강으로 대체\13prac_shading[학생용]\project1\prac01\prac01\debug\vc142.pdb
d:\강의자료\2022년도[제주대]\1학기\[2]학부3-컴퓨터그래픽스[조교-허지식]\13주차[20220531]-체육대회 특강으로 대체\13prac_shading[학생용]\project1\prac01\prac01\debug\vc142.idb
d:\강의자료\2022년도[제주대]\1학기\[2]학부3-컴퓨터그래픽스[조교-허지식]\13주차[20220531]-체육대회 특강으로 대체\13prac_shading[학생용]\project1\prac01\prac01\debug\trackball.obj
d:\강의자료\2022년도[제주대]\1학기\[2]학부3-컴퓨터그래픽스[조교-허지식]\13주차[20220531]-체육대회 특강으로 대체\13prac_shading[학생용]\project1\prac01\prac01\debug\prac01.obj
d:\강의자료\2022년도[제주대]\1학기\[2]학부3-컴퓨터그래픽스[조교-허지식]\13주차[20220531]-체육대회 특강으로 대체\13prac_shading[학생용]\project1\prac01\prac01\debug\prac01.ilk
d:\강의자료\2022년도[제주대]\1학기\[2]학부3-컴퓨터그래픽스[조교-허지식]\13주차[20220531]-체육대회 특강으로 대체\13prac_shading[학생용]\project1\prac01\debug\prac01.exe
d:\강의자료\2022년도[제주대]\1학기\[2]학부3-컴퓨터그래픽스[조교-허지식]\13주차[20220531]-체육대회 특강으로 대체\13prac_shading[학생용]\project1\prac01\debug\prac01.pdb
d:\강의자료\2022년도[제주대]\1학기\[2]학부3-컴퓨터그래픽스[조교-허지식]\13주차[20220531]-체육대회 특강으로 대체\13prac_shading[학생용]\project1\prac01\prac01\debug\prac01.res
c:\users\user\desktop\13prac_shading[학생용]\project1\prac01\prac01\debug\prac01.obj
c:\users\user\desktop\13prac_shading[학생용]\project1\prac01\prac01\debug\trackball.obj
c:\users\user\desktop\13prac_shading[학생용]\project1\prac01\prac01\debug\prac01.ilk
c:\users\user\desktop\13prac_shading[학생용]\project1\prac01\prac01\debug\prac01.res
c:\users\user\desktop\13prac_shading[학생용]\project1\prac01\prac01\debug\vc142.idb
c:\users\user\desktop\13prac_shading[학생용]\project1\prac01\prac01\debug\vc142.pdb
c:\users\user\desktop\13prac_shading[학생용]\project1\prac01\debug\prac01.pdb
c:\users\user\desktop\13prac_shading[학생용]\project1\prac01\debug\prac01.exe
c:\users\user\desktop\13prac_shading[학생용]\project1\prac01\prac01\debug\prac01.tlog\cl.command.1.tlog
c:\users\user\desktop\13prac_shading[학생용]\project1\prac01\prac01\debug\prac01.tlog\cl.read.1.tlog
c:\users\user\desktop\13prac_shading[학생용]\project1\prac01\prac01\debug\prac01.tlog\cl.write.1.tlog
c:\users\user\desktop\13prac_shading[학생용]\project1\prac01\prac01\debug\prac01.tlog\link.command.1.tlog
c:\users\user\desktop\13prac_shading[학생용]\project1\prac01\prac01\debug\prac01.tlog\link.read.1.tlog
c:\users\user\desktop\13prac_shading[학생용]\project1\prac01\prac01\debug\prac01.tlog\link.write.1.tlog
c:\users\user\desktop\13prac_shading[학생용]\project1\prac01\prac01\debug\prac01.tlog\rc.command.1.tlog
c:\users\user\desktop\13prac_shading[학생용]\project1\prac01\prac01\debug\prac01.tlog\rc.read.1.tlog
c:\users\user\desktop\13prac_shading[학생용]\project1\prac01\prac01\debug\prac01.tlog\rc.write.1.tlog
